{"/home/ukefat/ubu-coding/ucalgary/seng401/SENG401ChatApp/backend/controllers/user-controller.js": {"path":"/home/ukefat/ubu-coding/ucalgary/seng401/SENG401ChatApp/backend/controllers/user-controller.js","statementMap":{"0":{"start":{"line":1,"column":13},"end":{"line":1,"column":38}},"1":{"start":{"line":2,"column":12},"end":{"line":2,"column":35}},"2":{"start":{"line":4,"column":20},"end":{"line":6,"column":1}},"3":{"start":{"line":5,"column":2},"end":{"line":5,"column":68}},"4":{"start":{"line":19,"column":20},"end":{"line":27,"column":1}},"5":{"start":{"line":20,"column":2},"end":{"line":26,"column":3}},"6":{"start":{"line":21,"column":4},"end":{"line":21,"column":23}},"7":{"start":{"line":22,"column":18},"end":{"line":22,"column":54}},"8":{"start":{"line":23,"column":4},"end":{"line":23,"column":20}},"9":{"start":{"line":25,"column":4},"end":{"line":25,"column":61}},"10":{"start":{"line":29,"column":19},"end":{"line":53,"column":1}},"11":{"start":{"line":30,"column":40},"end":{"line":30,"column":48}},"12":{"start":{"line":31,"column":2},"end":{"line":33,"column":3}},"13":{"start":{"line":32,"column":4},"end":{"line":32,"column":62}},"14":{"start":{"line":36,"column":2},"end":{"line":46,"column":3}},"15":{"start":{"line":37,"column":4},"end":{"line":41,"column":7}},"16":{"start":{"line":43,"column":4},"end":{"line":43,"column":29}},"17":{"start":{"line":45,"column":4},"end":{"line":45,"column":21}},"18":{"start":{"line":48,"column":2},"end":{"line":50,"column":3}},"19":{"start":{"line":49,"column":4},"end":{"line":49,"column":65}},"20":{"start":{"line":52,"column":2},"end":{"line":52,"column":40}},"21":{"start":{"line":55,"column":19},"end":{"line":76,"column":1}},"22":{"start":{"line":56,"column":13},"end":{"line":56,"column":26}},"23":{"start":{"line":57,"column":40},"end":{"line":57,"column":48}},"24":{"start":{"line":61,"column":2},"end":{"line":69,"column":3}},"25":{"start":{"line":62,"column":4},"end":{"line":66,"column":7}},"26":{"start":{"line":68,"column":4},"end":{"line":68,"column":21}},"27":{"start":{"line":71,"column":2},"end":{"line":73,"column":3}},"28":{"start":{"line":72,"column":4},"end":{"line":72,"column":63}},"29":{"start":{"line":75,"column":2},"end":{"line":75,"column":40}},"30":{"start":{"line":78,"column":19},"end":{"line":92,"column":1}},"31":{"start":{"line":79,"column":13},"end":{"line":79,"column":26}},"32":{"start":{"line":81,"column":2},"end":{"line":85,"column":3}},"33":{"start":{"line":82,"column":4},"end":{"line":82,"column":44}},"34":{"start":{"line":84,"column":4},"end":{"line":84,"column":21}},"35":{"start":{"line":87,"column":2},"end":{"line":89,"column":3}},"36":{"start":{"line":88,"column":4},"end":{"line":88,"column":63}},"37":{"start":{"line":91,"column":2},"end":{"line":91,"column":59}},"38":{"start":{"line":94,"column":20},"end":{"line":108,"column":1}},"39":{"start":{"line":95,"column":13},"end":{"line":95,"column":26}},"40":{"start":{"line":97,"column":2},"end":{"line":101,"column":3}},"41":{"start":{"line":98,"column":4},"end":{"line":98,"column":35}},"42":{"start":{"line":100,"column":4},"end":{"line":100,"column":21}},"43":{"start":{"line":103,"column":2},"end":{"line":105,"column":3}},"44":{"start":{"line":104,"column":4},"end":{"line":104,"column":63}},"45":{"start":{"line":107,"column":2},"end":{"line":107,"column":40}},"46":{"start":{"line":110,"column":19},"end":{"line":122,"column":1}},"47":{"start":{"line":111,"column":40},"end":{"line":111,"column":48}},"48":{"start":{"line":113,"column":2},"end":{"line":121,"column":3}},"49":{"start":{"line":114,"column":17},"end":{"line":114,"column":61}},"50":{"start":{"line":117,"column":18},"end":{"line":117,"column":39}},"51":{"start":{"line":118,"column":4},"end":{"line":118,"column":42}},"52":{"start":{"line":120,"column":4},"end":{"line":120,"column":51}},"53":{"start":{"line":124,"column":18},"end":{"line":135,"column":1}},"54":{"start":{"line":125,"column":33},"end":{"line":125,"column":41}},"55":{"start":{"line":127,"column":2},"end":{"line":134,"column":3}},"56":{"start":{"line":128,"column":17},"end":{"line":128,"column":53}},"57":{"start":{"line":129,"column":18},"end":{"line":129,"column":39}},"58":{"start":{"line":131,"column":4},"end":{"line":131,"column":60}},"59":{"start":{"line":133,"column":4},"end":{"line":133,"column":51}},"60":{"start":{"line":151,"column":2},"end":{"line":171,"column":3}},"61":{"start":{"line":152,"column":17},"end":{"line":161,"column":10}},"62":{"start":{"line":164,"column":4},"end":{"line":166,"column":5}},"63":{"start":{"line":165,"column":6},"end":{"line":165,"column":40}},"64":{"start":{"line":167,"column":4},"end":{"line":167,"column":23}},"65":{"start":{"line":169,"column":4},"end":{"line":169,"column":58}},"66":{"start":{"line":170,"column":4},"end":{"line":170,"column":16}},"67":{"start":{"line":174,"column":22},"end":{"line":188,"column":1}},"68":{"start":{"line":175,"column":2},"end":{"line":187,"column":3}},"69":{"start":{"line":176,"column":19},"end":{"line":176,"column":36}},"70":{"start":{"line":177,"column":19},"end":{"line":177,"column":39}},"71":{"start":{"line":178,"column":4},"end":{"line":182,"column":5}},"72":{"start":{"line":179,"column":6},"end":{"line":181,"column":70}},"73":{"start":{"line":183,"column":4},"end":{"line":183,"column":24}},"74":{"start":{"line":184,"column":4},"end":{"line":184,"column":21}},"75":{"start":{"line":186,"column":4},"end":{"line":186,"column":61}},"76":{"start":{"line":202,"column":0},"end":{"line":202,"column":34}},"77":{"start":{"line":203,"column":0},"end":{"line":203,"column":32}},"78":{"start":{"line":204,"column":0},"end":{"line":204,"column":32}},"79":{"start":{"line":205,"column":0},"end":{"line":205,"column":32}},"80":{"start":{"line":206,"column":0},"end":{"line":206,"column":34}},"81":{"start":{"line":207,"column":0},"end":{"line":207,"column":32}},"82":{"start":{"line":208,"column":0},"end":{"line":208,"column":30}},"83":{"start":{"line":209,"column":0},"end":{"line":209,"column":38}}},"fnMap":{"0":{"name":"(anonymous_0)","decl":{"start":{"line":4,"column":20},"end":{"line":4,"column":21}},"loc":{"start":{"line":4,"column":29},"end":{"line":6,"column":1}},"line":4},"1":{"name":"(anonymous_1)","decl":{"start":{"line":19,"column":20},"end":{"line":19,"column":21}},"loc":{"start":{"line":19,"column":40},"end":{"line":27,"column":1}},"line":19},"2":{"name":"(anonymous_2)","decl":{"start":{"line":29,"column":19},"end":{"line":29,"column":20}},"loc":{"start":{"line":29,"column":45},"end":{"line":53,"column":1}},"line":29},"3":{"name":"(anonymous_3)","decl":{"start":{"line":55,"column":19},"end":{"line":55,"column":20}},"loc":{"start":{"line":55,"column":45},"end":{"line":76,"column":1}},"line":55},"4":{"name":"(anonymous_4)","decl":{"start":{"line":78,"column":19},"end":{"line":78,"column":20}},"loc":{"start":{"line":78,"column":45},"end":{"line":92,"column":1}},"line":78},"5":{"name":"(anonymous_5)","decl":{"start":{"line":94,"column":20},"end":{"line":94,"column":21}},"loc":{"start":{"line":94,"column":46},"end":{"line":108,"column":1}},"line":94},"6":{"name":"(anonymous_6)","decl":{"start":{"line":110,"column":19},"end":{"line":110,"column":20}},"loc":{"start":{"line":110,"column":39},"end":{"line":122,"column":1}},"line":110},"7":{"name":"(anonymous_7)","decl":{"start":{"line":124,"column":18},"end":{"line":124,"column":19}},"loc":{"start":{"line":124,"column":38},"end":{"line":135,"column":1}},"line":124},"8":{"name":"getgrp","decl":{"start":{"line":150,"column":15},"end":{"line":150,"column":21}},"loc":{"start":{"line":150,"column":30},"end":{"line":172,"column":1}},"line":150},"9":{"name":"(anonymous_9)","decl":{"start":{"line":174,"column":22},"end":{"line":174,"column":23}},"loc":{"start":{"line":174,"column":42},"end":{"line":188,"column":1}},"line":174}},"branchMap":{"0":{"loc":{"start":{"line":31,"column":2},"end":{"line":33,"column":3}},"type":"if","locations":[{"start":{"line":31,"column":2},"end":{"line":33,"column":3}},{"start":{},"end":{}}],"line":31},"1":{"loc":{"start":{"line":31,"column":6},"end":{"line":31,"column":38}},"type":"binary-expr","locations":[{"start":{"line":31,"column":6},"end":{"line":31,"column":15}},{"start":{"line":31,"column":19},"end":{"line":31,"column":25}},{"start":{"line":31,"column":29},"end":{"line":31,"column":38}}],"line":31},"2":{"loc":{"start":{"line":48,"column":2},"end":{"line":50,"column":3}},"type":"if","locations":[{"start":{"line":48,"column":2},"end":{"line":50,"column":3}},{"start":{},"end":{}}],"line":48},"3":{"loc":{"start":{"line":71,"column":2},"end":{"line":73,"column":3}},"type":"if","locations":[{"start":{"line":71,"column":2},"end":{"line":73,"column":3}},{"start":{},"end":{}}],"line":71},"4":{"loc":{"start":{"line":87,"column":2},"end":{"line":89,"column":3}},"type":"if","locations":[{"start":{"line":87,"column":2},"end":{"line":89,"column":3}},{"start":{},"end":{}}],"line":87},"5":{"loc":{"start":{"line":103,"column":2},"end":{"line":105,"column":3}},"type":"if","locations":[{"start":{"line":103,"column":2},"end":{"line":105,"column":3}},{"start":{},"end":{}}],"line":103},"6":{"loc":{"start":{"line":164,"column":4},"end":{"line":166,"column":5}},"type":"if","locations":[{"start":{"line":164,"column":4},"end":{"line":166,"column":5}},{"start":{},"end":{}}],"line":164},"7":{"loc":{"start":{"line":178,"column":4},"end":{"line":182,"column":5}},"type":"if","locations":[{"start":{"line":178,"column":4},"end":{"line":182,"column":5}},{"start":{},"end":{}}],"line":178}},"s":{"0":1,"1":1,"2":1,"3":0,"4":1,"5":1,"6":1,"7":1,"8":0,"9":0,"10":1,"11":0,"12":0,"13":0,"14":0,"15":0,"16":0,"17":0,"18":0,"19":0,"20":0,"21":1,"22":0,"23":0,"24":0,"25":0,"26":0,"27":0,"28":0,"29":0,"30":1,"31":0,"32":0,"33":0,"34":0,"35":0,"36":0,"37":0,"38":1,"39":0,"40":0,"41":0,"42":0,"43":0,"44":0,"45":0,"46":1,"47":0,"48":0,"49":0,"50":0,"51":0,"52":0,"53":1,"54":0,"55":0,"56":0,"57":0,"58":0,"59":0,"60":0,"61":0,"62":0,"63":0,"64":0,"65":0,"66":0,"67":1,"68":0,"69":0,"70":0,"71":0,"72":0,"73":0,"74":0,"75":0,"76":1,"77":1,"78":1,"79":1,"80":1,"81":1,"82":1,"83":1},"f":{"0":0,"1":1,"2":0,"3":0,"4":0,"5":0,"6":0,"7":0,"8":0,"9":0},"b":{"0":[0,0],"1":[0,0,0],"2":[0,0],"3":[0,0],"4":[0,0],"5":[0,0],"6":[0,0],"7":[0,0]},"_coverageSchema":"1a1c01bbd47fc00a2c39e90264f33305004495a9","hash":"1a8eadbb6a8943c502b0826a1d49f2b109bf5eb2"}
,"/home/ukefat/ubu-coding/ucalgary/seng401/SENG401ChatApp/backend/models/User.js": {"path":"/home/ukefat/ubu-coding/ucalgary/seng401/SENG401ChatApp/backend/models/User.js","statementMap":{"0":{"start":{"line":1,"column":17},"end":{"line":1,"column":36}},"1":{"start":{"line":2,"column":15},"end":{"line":2,"column":30}},"2":{"start":{"line":3,"column":15},"end":{"line":3,"column":32}},"3":{"start":{"line":4,"column":18},"end":{"line":4,"column":38}},"4":{"start":{"line":6,"column":19},"end":{"line":16,"column":2}},"5":{"start":{"line":22,"column":0},"end":{"line":55,"column":2}},"6":{"start":{"line":23,"column":17},"end":{"line":23,"column":46}},"7":{"start":{"line":26,"column":2},"end":{"line":28,"column":3}},"8":{"start":{"line":27,"column":4},"end":{"line":27,"column":46}},"9":{"start":{"line":30,"column":2},"end":{"line":32,"column":3}},"10":{"start":{"line":31,"column":4},"end":{"line":31,"column":50}},"11":{"start":{"line":34,"column":2},"end":{"line":36,"column":3}},"12":{"start":{"line":35,"column":4},"end":{"line":35,"column":54}},"13":{"start":{"line":38,"column":2},"end":{"line":42,"column":3}},"14":{"start":{"line":39,"column":18},"end":{"line":39,"column":51}},"15":{"start":{"line":40,"column":4},"end":{"line":40,"column":27}},"16":{"start":{"line":41,"column":4},"end":{"line":41,"column":16}},"17":{"start":{"line":45,"column":15},"end":{"line":45,"column":39}},"18":{"start":{"line":46,"column":25},"end":{"line":46,"column":58}},"19":{"start":{"line":48,"column":15},"end":{"line":52,"column":4}},"20":{"start":{"line":54,"column":2},"end":{"line":54,"column":14}},"21":{"start":{"line":57,"column":0},"end":{"line":76,"column":2}},"22":{"start":{"line":59,"column":2},"end":{"line":61,"column":3}},"23":{"start":{"line":60,"column":4},"end":{"line":60,"column":46}},"24":{"start":{"line":63,"column":15},"end":{"line":63,"column":47}},"25":{"start":{"line":65,"column":2},"end":{"line":67,"column":3}},"26":{"start":{"line":66,"column":4},"end":{"line":66,"column":38}},"27":{"start":{"line":69,"column":16},"end":{"line":69,"column":61}},"28":{"start":{"line":71,"column":2},"end":{"line":73,"column":3}},"29":{"start":{"line":72,"column":4},"end":{"line":72,"column":42}},"30":{"start":{"line":75,"column":2},"end":{"line":75,"column":14}},"31":{"start":{"line":78,"column":0},"end":{"line":78,"column":52}}},"fnMap":{"0":{"name":"(anonymous_0)","decl":{"start":{"line":22,"column":28},"end":{"line":22,"column":29}},"loc":{"start":{"line":22,"column":71},"end":{"line":55,"column":1}},"line":22},"1":{"name":"(anonymous_1)","decl":{"start":{"line":57,"column":27},"end":{"line":57,"column":28}},"loc":{"start":{"line":57,"column":63},"end":{"line":76,"column":1}},"line":57}},"branchMap":{"0":{"loc":{"start":{"line":26,"column":2},"end":{"line":28,"column":3}},"type":"if","locations":[{"start":{"line":26,"column":2},"end":{"line":28,"column":3}},{"start":{},"end":{}}],"line":26},"1":{"loc":{"start":{"line":26,"column":6},"end":{"line":26,"column":38}},"type":"binary-expr","locations":[{"start":{"line":26,"column":6},"end":{"line":26,"column":12}},{"start":{"line":26,"column":16},"end":{"line":26,"column":25}},{"start":{"line":26,"column":29},"end":{"line":26,"column":38}}],"line":26},"2":{"loc":{"start":{"line":30,"column":2},"end":{"line":32,"column":3}},"type":"if","locations":[{"start":{"line":30,"column":2},"end":{"line":32,"column":3}},{"start":{},"end":{}}],"line":30},"3":{"loc":{"start":{"line":34,"column":2},"end":{"line":36,"column":3}},"type":"if","locations":[{"start":{"line":34,"column":2},"end":{"line":36,"column":3}},{"start":{},"end":{}}],"line":34},"4":{"loc":{"start":{"line":38,"column":2},"end":{"line":42,"column":3}},"type":"if","locations":[{"start":{"line":38,"column":2},"end":{"line":42,"column":3}},{"start":{},"end":{}}],"line":38},"5":{"loc":{"start":{"line":59,"column":2},"end":{"line":61,"column":3}},"type":"if","locations":[{"start":{"line":59,"column":2},"end":{"line":61,"column":3}},{"start":{},"end":{}}],"line":59},"6":{"loc":{"start":{"line":59,"column":6},"end":{"line":59,"column":28}},"type":"binary-expr","locations":[{"start":{"line":59,"column":6},"end":{"line":59,"column":15}},{"start":{"line":59,"column":19},"end":{"line":59,"column":28}}],"line":59},"7":{"loc":{"start":{"line":65,"column":2},"end":{"line":67,"column":3}},"type":"if","locations":[{"start":{"line":65,"column":2},"end":{"line":67,"column":3}},{"start":{},"end":{}}],"line":65},"8":{"loc":{"start":{"line":71,"column":2},"end":{"line":73,"column":3}},"type":"if","locations":[{"start":{"line":71,"column":2},"end":{"line":73,"column":3}},{"start":{},"end":{}}],"line":71}},"s":{"0":1,"1":1,"2":1,"3":1,"4":1,"5":1,"6":0,"7":0,"8":0,"9":0,"10":0,"11":0,"12":0,"13":0,"14":0,"15":0,"16":0,"17":0,"18":0,"19":0,"20":0,"21":1,"22":0,"23":0,"24":0,"25":0,"26":0,"27":0,"28":0,"29":0,"30":0,"31":1},"f":{"0":0,"1":0},"b":{"0":[0,0],"1":[0,0,0],"2":[0,0],"3":[0,0],"4":[0,0],"5":[0,0],"6":[0,0],"7":[0,0],"8":[0,0]},"_coverageSchema":"1a1c01bbd47fc00a2c39e90264f33305004495a9","hash":"2e43b9367a2e7afb805d464fe907ee929476b282"}
}
