{"/home/ukefat/ubu-coding/ucalgary/seng401/SENG401ChatApp/backend/controllers/groupController.js": {"path":"/home/ukefat/ubu-coding/ucalgary/seng401/SENG401ChatApp/backend/controllers/groupController.js","statementMap":{"0":{"start":{"line":1,"column":14},"end":{"line":1,"column":40}},"1":{"start":{"line":2,"column":17},"end":{"line":2,"column":36}},"2":{"start":{"line":3,"column":13},"end":{"line":3,"column":38}},"3":{"start":{"line":6,"column":18},"end":{"line":10,"column":1}},"4":{"start":{"line":7,"column":17},"end":{"line":7,"column":60}},"5":{"start":{"line":9,"column":2},"end":{"line":9,"column":31}},"6":{"start":{"line":13,"column":17},"end":{"line":26,"column":1}},"7":{"start":{"line":14,"column":17},"end":{"line":14,"column":27}},"8":{"start":{"line":15,"column":2},"end":{"line":17,"column":3}},"9":{"start":{"line":16,"column":4},"end":{"line":16,"column":66}},"10":{"start":{"line":19,"column":16},"end":{"line":19,"column":40}},"11":{"start":{"line":21,"column":2},"end":{"line":23,"column":3}},"12":{"start":{"line":22,"column":4},"end":{"line":22,"column":55}},"13":{"start":{"line":25,"column":2},"end":{"line":25,"column":30}},"14":{"start":{"line":29,"column":20},"end":{"line":39,"column":1}},"15":{"start":{"line":30,"column":29},"end":{"line":30,"column":37}},"16":{"start":{"line":32,"column":2},"end":{"line":38,"column":3}},"17":{"start":{"line":33,"column":18},"end":{"line":33,"column":56}},"18":{"start":{"line":34,"column":4},"end":{"line":34,"column":32}},"19":{"start":{"line":35,"column":4},"end":{"line":35,"column":29}},"20":{"start":{"line":37,"column":4},"end":{"line":37,"column":51}},"21":{"start":{"line":41,"column":20},"end":{"line":54,"column":1}},"22":{"start":{"line":42,"column":17},"end":{"line":42,"column":27}},"23":{"start":{"line":43,"column":2},"end":{"line":45,"column":3}},"24":{"start":{"line":44,"column":4},"end":{"line":44,"column":66}},"25":{"start":{"line":47,"column":16},"end":{"line":47,"column":57}},"26":{"start":{"line":49,"column":2},"end":{"line":51,"column":3}},"27":{"start":{"line":50,"column":4},"end":{"line":50,"column":55}},"28":{"start":{"line":53,"column":2},"end":{"line":53,"column":30}},"29":{"start":{"line":57,"column":20},"end":{"line":75,"column":1}},"30":{"start":{"line":58,"column":17},"end":{"line":58,"column":27}},"31":{"start":{"line":59,"column":2},"end":{"line":61,"column":3}},"32":{"start":{"line":60,"column":4},"end":{"line":60,"column":66}},"33":{"start":{"line":63,"column":16},"end":{"line":68,"column":3}},"34":{"start":{"line":70,"column":2},"end":{"line":72,"column":3}},"35":{"start":{"line":71,"column":4},"end":{"line":71,"column":55}},"36":{"start":{"line":74,"column":2},"end":{"line":74,"column":30}},"37":{"start":{"line":102,"column":19},"end":{"line":131,"column":1}},"38":{"start":{"line":103,"column":14},"end":{"line":103,"column":28}},"39":{"start":{"line":104,"column":14},"end":{"line":104,"column":28}},"40":{"start":{"line":106,"column":2},"end":{"line":108,"column":3}},"41":{"start":{"line":107,"column":4},"end":{"line":107,"column":58}},"42":{"start":{"line":109,"column":2},"end":{"line":111,"column":3}},"43":{"start":{"line":110,"column":4},"end":{"line":110,"column":58}},"44":{"start":{"line":113,"column":2},"end":{"line":130,"column":3}},"45":{"start":{"line":115,"column":24},"end":{"line":118,"column":5}},"46":{"start":{"line":121,"column":23},"end":{"line":124,"column":5}},"47":{"start":{"line":127,"column":4},"end":{"line":127,"column":54}},"48":{"start":{"line":129,"column":4},"end":{"line":129,"column":51}},"49":{"start":{"line":133,"column":31},"end":{"line":168,"column":1}},"50":{"start":{"line":134,"column":14},"end":{"line":134,"column":28}},"51":{"start":{"line":135,"column":19},"end":{"line":135,"column":37}},"52":{"start":{"line":136,"column":2},"end":{"line":136,"column":18}},"53":{"start":{"line":137,"column":2},"end":{"line":137,"column":23}},"54":{"start":{"line":139,"column":2},"end":{"line":141,"column":3}},"55":{"start":{"line":140,"column":4},"end":{"line":140,"column":58}},"56":{"start":{"line":143,"column":2},"end":{"line":167,"column":3}},"57":{"start":{"line":145,"column":17},"end":{"line":145,"column":49}},"58":{"start":{"line":147,"column":4},"end":{"line":149,"column":5}},"59":{"start":{"line":148,"column":6},"end":{"line":148,"column":63}},"60":{"start":{"line":152,"column":24},"end":{"line":155,"column":5}},"61":{"start":{"line":158,"column":23},"end":{"line":161,"column":5}},"62":{"start":{"line":164,"column":4},"end":{"line":164,"column":54}},"63":{"start":{"line":166,"column":4},"end":{"line":166,"column":51}},"64":{"start":{"line":170,"column":28},"end":{"line":195,"column":1}},"65":{"start":{"line":171,"column":34},"end":{"line":171,"column":42}},"66":{"start":{"line":173,"column":2},"end":{"line":194,"column":3}},"67":{"start":{"line":175,"column":17},"end":{"line":175,"column":59}},"68":{"start":{"line":178,"column":4},"end":{"line":180,"column":5}},"69":{"start":{"line":179,"column":6},"end":{"line":179,"column":63}},"70":{"start":{"line":183,"column":18},"end":{"line":183,"column":76}},"71":{"start":{"line":186,"column":4},"end":{"line":189,"column":6}},"72":{"start":{"line":191,"column":4},"end":{"line":191,"column":32}},"73":{"start":{"line":193,"column":4},"end":{"line":193,"column":51}},"74":{"start":{"line":202,"column":17},"end":{"line":216,"column":1}},"75":{"start":{"line":203,"column":17},"end":{"line":203,"column":27}},"76":{"start":{"line":205,"column":2},"end":{"line":205,"column":25}},"77":{"start":{"line":206,"column":2},"end":{"line":208,"column":3}},"78":{"start":{"line":207,"column":4},"end":{"line":207,"column":72}},"79":{"start":{"line":210,"column":16},"end":{"line":212,"column":49}},"80":{"start":{"line":214,"column":2},"end":{"line":214,"column":21}},"81":{"start":{"line":215,"column":2},"end":{"line":215,"column":30}},"82":{"start":{"line":218,"column":28},"end":{"line":239,"column":1}},"83":{"start":{"line":219,"column":2},"end":{"line":238,"column":3}},"84":{"start":{"line":221,"column":18},"end":{"line":221,"column":47}},"85":{"start":{"line":224,"column":17},"end":{"line":224,"column":49}},"86":{"start":{"line":227,"column":4},"end":{"line":227,"column":28}},"87":{"start":{"line":230,"column":4},"end":{"line":230,"column":27}},"88":{"start":{"line":233,"column":4},"end":{"line":233,"column":51}},"89":{"start":{"line":235,"column":4},"end":{"line":235,"column":69}},"90":{"start":{"line":237,"column":4},"end":{"line":237,"column":23}},"91":{"start":{"line":241,"column":0},"end":{"line":252,"column":2}}},"fnMap":{"0":{"name":"(anonymous_0)","decl":{"start":{"line":6,"column":18},"end":{"line":6,"column":19}},"loc":{"start":{"line":6,"column":38},"end":{"line":10,"column":1}},"line":6},"1":{"name":"(anonymous_1)","decl":{"start":{"line":13,"column":17},"end":{"line":13,"column":18}},"loc":{"start":{"line":13,"column":37},"end":{"line":26,"column":1}},"line":13},"2":{"name":"(anonymous_2)","decl":{"start":{"line":29,"column":20},"end":{"line":29,"column":21}},"loc":{"start":{"line":29,"column":40},"end":{"line":39,"column":1}},"line":29},"3":{"name":"(anonymous_3)","decl":{"start":{"line":41,"column":20},"end":{"line":41,"column":21}},"loc":{"start":{"line":41,"column":40},"end":{"line":54,"column":1}},"line":41},"4":{"name":"(anonymous_4)","decl":{"start":{"line":57,"column":20},"end":{"line":57,"column":21}},"loc":{"start":{"line":57,"column":40},"end":{"line":75,"column":1}},"line":57},"5":{"name":"(anonymous_5)","decl":{"start":{"line":102,"column":19},"end":{"line":102,"column":20}},"loc":{"start":{"line":102,"column":39},"end":{"line":131,"column":1}},"line":102},"6":{"name":"(anonymous_6)","decl":{"start":{"line":133,"column":31},"end":{"line":133,"column":32}},"loc":{"start":{"line":133,"column":51},"end":{"line":168,"column":1}},"line":133},"7":{"name":"(anonymous_7)","decl":{"start":{"line":170,"column":28},"end":{"line":170,"column":29}},"loc":{"start":{"line":170,"column":48},"end":{"line":195,"column":1}},"line":170},"8":{"name":"(anonymous_8)","decl":{"start":{"line":202,"column":17},"end":{"line":202,"column":18}},"loc":{"start":{"line":202,"column":37},"end":{"line":216,"column":1}},"line":202},"9":{"name":"(anonymous_9)","decl":{"start":{"line":218,"column":28},"end":{"line":218,"column":29}},"loc":{"start":{"line":218,"column":57},"end":{"line":239,"column":1}},"line":218}},"branchMap":{"0":{"loc":{"start":{"line":15,"column":2},"end":{"line":17,"column":3}},"type":"if","locations":[{"start":{"line":15,"column":2},"end":{"line":17,"column":3}},{"start":{},"end":{}}],"line":15},"1":{"loc":{"start":{"line":21,"column":2},"end":{"line":23,"column":3}},"type":"if","locations":[{"start":{"line":21,"column":2},"end":{"line":23,"column":3}},{"start":{},"end":{}}],"line":21},"2":{"loc":{"start":{"line":43,"column":2},"end":{"line":45,"column":3}},"type":"if","locations":[{"start":{"line":43,"column":2},"end":{"line":45,"column":3}},{"start":{},"end":{}}],"line":43},"3":{"loc":{"start":{"line":49,"column":2},"end":{"line":51,"column":3}},"type":"if","locations":[{"start":{"line":49,"column":2},"end":{"line":51,"column":3}},{"start":{},"end":{}}],"line":49},"4":{"loc":{"start":{"line":59,"column":2},"end":{"line":61,"column":3}},"type":"if","locations":[{"start":{"line":59,"column":2},"end":{"line":61,"column":3}},{"start":{},"end":{}}],"line":59},"5":{"loc":{"start":{"line":70,"column":2},"end":{"line":72,"column":3}},"type":"if","locations":[{"start":{"line":70,"column":2},"end":{"line":72,"column":3}},{"start":{},"end":{}}],"line":70},"6":{"loc":{"start":{"line":106,"column":2},"end":{"line":108,"column":3}},"type":"if","locations":[{"start":{"line":106,"column":2},"end":{"line":108,"column":3}},{"start":{},"end":{}}],"line":106},"7":{"loc":{"start":{"line":109,"column":2},"end":{"line":111,"column":3}},"type":"if","locations":[{"start":{"line":109,"column":2},"end":{"line":111,"column":3}},{"start":{},"end":{}}],"line":109},"8":{"loc":{"start":{"line":139,"column":2},"end":{"line":141,"column":3}},"type":"if","locations":[{"start":{"line":139,"column":2},"end":{"line":141,"column":3}},{"start":{},"end":{}}],"line":139},"9":{"loc":{"start":{"line":147,"column":4},"end":{"line":149,"column":5}},"type":"if","locations":[{"start":{"line":147,"column":4},"end":{"line":149,"column":5}},{"start":{},"end":{}}],"line":147},"10":{"loc":{"start":{"line":178,"column":4},"end":{"line":180,"column":5}},"type":"if","locations":[{"start":{"line":178,"column":4},"end":{"line":180,"column":5}},{"start":{},"end":{}}],"line":178},"11":{"loc":{"start":{"line":206,"column":2},"end":{"line":208,"column":3}},"type":"if","locations":[{"start":{"line":206,"column":2},"end":{"line":208,"column":3}},{"start":{},"end":{}}],"line":206}},"s":{"0":1,"1":1,"2":1,"3":1,"4":0,"5":0,"6":1,"7":3,"8":3,"9":1,"10":2,"11":2,"12":1,"13":1,"14":1,"15":2,"16":2,"17":2,"18":1,"19":1,"20":1,"21":1,"22":3,"23":3,"24":1,"25":2,"26":2,"27":1,"28":1,"29":1,"30":0,"31":0,"32":0,"33":0,"34":0,"35":0,"36":0,"37":1,"38":5,"39":5,"40":5,"41":1,"42":4,"43":1,"44":3,"45":3,"46":2,"47":1,"48":2,"49":1,"50":5,"51":5,"52":5,"53":5,"54":5,"55":1,"56":4,"57":4,"58":4,"59":1,"60":3,"61":2,"62":1,"63":2,"64":1,"65":3,"66":3,"67":3,"68":3,"69":1,"70":2,"71":1,"72":1,"73":1,"74":1,"75":0,"76":0,"77":0,"78":0,"79":0,"80":0,"81":0,"82":1,"83":0,"84":0,"85":0,"86":0,"87":0,"88":0,"89":0,"90":0,"91":1},"f":{"0":0,"1":3,"2":2,"3":3,"4":0,"5":5,"6":5,"7":3,"8":0,"9":0},"b":{"0":[1,2],"1":[1,1],"2":[1,2],"3":[1,1],"4":[0,0],"5":[0,0],"6":[1,4],"7":[1,3],"8":[1,4],"9":[1,3],"10":[1,2],"11":[0,0]},"_coverageSchema":"1a1c01bbd47fc00a2c39e90264f33305004495a9","hash":"50f0642c92c29bea9dc5cc6ba6f9773481ad5e45"}
,"/home/ukefat/ubu-coding/ucalgary/seng401/SENG401ChatApp/backend/controllers/messageController.js": {"path":"/home/ukefat/ubu-coding/ucalgary/seng401/SENG401ChatApp/backend/controllers/messageController.js","statementMap":{"0":{"start":{"line":1,"column":16},"end":{"line":1,"column":44}},"1":{"start":{"line":2,"column":14},"end":{"line":2,"column":40}},"2":{"start":{"line":3,"column":17},"end":{"line":3,"column":36}},"3":{"start":{"line":6,"column":20},"end":{"line":16,"column":1}},"4":{"start":{"line":7,"column":17},"end":{"line":7,"column":27}},"5":{"start":{"line":8,"column":4},"end":{"line":10,"column":5}},"6":{"start":{"line":9,"column":8},"end":{"line":9,"column":76}},"7":{"start":{"line":11,"column":24},"end":{"line":11,"column":109}},"8":{"start":{"line":14,"column":4},"end":{"line":14,"column":38}},"9":{"start":{"line":19,"column":19},"end":{"line":32,"column":1}},"10":{"start":{"line":20,"column":17},"end":{"line":20,"column":27}},"11":{"start":{"line":21,"column":4},"end":{"line":23,"column":5}},"12":{"start":{"line":22,"column":8},"end":{"line":22,"column":69}},"13":{"start":{"line":25,"column":20},"end":{"line":25,"column":46}},"14":{"start":{"line":27,"column":4},"end":{"line":29,"column":5}},"15":{"start":{"line":28,"column":8},"end":{"line":28,"column":58}},"16":{"start":{"line":31,"column":4},"end":{"line":31,"column":34}},"17":{"start":{"line":34,"column":22},"end":{"line":50,"column":1}},"18":{"start":{"line":35,"column":17},"end":{"line":35,"column":27}},"19":{"start":{"line":36,"column":28},"end":{"line":36,"column":36}},"20":{"start":{"line":37,"column":4},"end":{"line":39,"column":5}},"21":{"start":{"line":38,"column":8},"end":{"line":38,"column":75}},"22":{"start":{"line":40,"column":4},"end":{"line":49,"column":5}},"23":{"start":{"line":41,"column":8},"end":{"line":41,"column":27}},"24":{"start":{"line":42,"column":24},"end":{"line":42,"column":61}},"25":{"start":{"line":43,"column":23},"end":{"line":43,"column":84}},"26":{"start":{"line":45,"column":8},"end":{"line":45,"column":37}},"27":{"start":{"line":46,"column":8},"end":{"line":46,"column":32}},"28":{"start":{"line":48,"column":8},"end":{"line":48,"column":52}},"29":{"start":{"line":53,"column":22},"end":{"line":66,"column":1}},"30":{"start":{"line":54,"column":17},"end":{"line":54,"column":27}},"31":{"start":{"line":55,"column":4},"end":{"line":57,"column":5}},"32":{"start":{"line":56,"column":8},"end":{"line":56,"column":69}},"33":{"start":{"line":59,"column":20},"end":{"line":59,"column":61}},"34":{"start":{"line":61,"column":4},"end":{"line":63,"column":5}},"35":{"start":{"line":62,"column":8},"end":{"line":62,"column":58}},"36":{"start":{"line":65,"column":4},"end":{"line":65,"column":34}},"37":{"start":{"line":69,"column":22},"end":{"line":84,"column":1}},"38":{"start":{"line":70,"column":17},"end":{"line":70,"column":27}},"39":{"start":{"line":71,"column":4},"end":{"line":73,"column":5}},"40":{"start":{"line":72,"column":8},"end":{"line":72,"column":69}},"41":{"start":{"line":75,"column":20},"end":{"line":77,"column":6}},"42":{"start":{"line":79,"column":4},"end":{"line":81,"column":5}},"43":{"start":{"line":80,"column":8},"end":{"line":80,"column":58}},"44":{"start":{"line":83,"column":4},"end":{"line":83,"column":34}},"45":{"start":{"line":86,"column":0},"end":{"line":92,"column":1}}},"fnMap":{"0":{"name":"(anonymous_0)","decl":{"start":{"line":6,"column":20},"end":{"line":6,"column":21}},"loc":{"start":{"line":6,"column":40},"end":{"line":16,"column":1}},"line":6},"1":{"name":"(anonymous_1)","decl":{"start":{"line":19,"column":19},"end":{"line":19,"column":20}},"loc":{"start":{"line":19,"column":39},"end":{"line":32,"column":1}},"line":19},"2":{"name":"(anonymous_2)","decl":{"start":{"line":34,"column":22},"end":{"line":34,"column":23}},"loc":{"start":{"line":34,"column":42},"end":{"line":50,"column":1}},"line":34},"3":{"name":"(anonymous_3)","decl":{"start":{"line":53,"column":22},"end":{"line":53,"column":23}},"loc":{"start":{"line":53,"column":42},"end":{"line":66,"column":1}},"line":53},"4":{"name":"(anonymous_4)","decl":{"start":{"line":69,"column":22},"end":{"line":69,"column":23}},"loc":{"start":{"line":69,"column":42},"end":{"line":84,"column":1}},"line":69}},"branchMap":{"0":{"loc":{"start":{"line":8,"column":4},"end":{"line":10,"column":5}},"type":"if","locations":[{"start":{"line":8,"column":4},"end":{"line":10,"column":5}},{"start":{},"end":{}}],"line":8},"1":{"loc":{"start":{"line":21,"column":4},"end":{"line":23,"column":5}},"type":"if","locations":[{"start":{"line":21,"column":4},"end":{"line":23,"column":5}},{"start":{},"end":{}}],"line":21},"2":{"loc":{"start":{"line":27,"column":4},"end":{"line":29,"column":5}},"type":"if","locations":[{"start":{"line":27,"column":4},"end":{"line":29,"column":5}},{"start":{},"end":{}}],"line":27},"3":{"loc":{"start":{"line":37,"column":4},"end":{"line":39,"column":5}},"type":"if","locations":[{"start":{"line":37,"column":4},"end":{"line":39,"column":5}},{"start":{},"end":{}}],"line":37},"4":{"loc":{"start":{"line":55,"column":4},"end":{"line":57,"column":5}},"type":"if","locations":[{"start":{"line":55,"column":4},"end":{"line":57,"column":5}},{"start":{},"end":{}}],"line":55},"5":{"loc":{"start":{"line":61,"column":4},"end":{"line":63,"column":5}},"type":"if","locations":[{"start":{"line":61,"column":4},"end":{"line":63,"column":5}},{"start":{},"end":{}}],"line":61},"6":{"loc":{"start":{"line":71,"column":4},"end":{"line":73,"column":5}},"type":"if","locations":[{"start":{"line":71,"column":4},"end":{"line":73,"column":5}},{"start":{},"end":{}}],"line":71},"7":{"loc":{"start":{"line":79,"column":4},"end":{"line":81,"column":5}},"type":"if","locations":[{"start":{"line":79,"column":4},"end":{"line":81,"column":5}},{"start":{},"end":{}}],"line":79}},"s":{"0":1,"1":1,"2":1,"3":1,"4":1,"5":1,"6":1,"7":0,"8":0,"9":1,"10":2,"11":2,"12":1,"13":1,"14":1,"15":0,"16":1,"17":1,"18":1,"19":1,"20":1,"21":1,"22":0,"23":0,"24":0,"25":0,"26":0,"27":0,"28":0,"29":1,"30":3,"31":3,"32":1,"33":2,"34":2,"35":1,"36":1,"37":1,"38":2,"39":2,"40":1,"41":1,"42":1,"43":1,"44":0,"45":1},"f":{"0":1,"1":2,"2":1,"3":3,"4":2},"b":{"0":[1,0],"1":[1,1],"2":[0,1],"3":[1,0],"4":[1,2],"5":[1,1],"6":[1,1],"7":[1,0]},"_coverageSchema":"1a1c01bbd47fc00a2c39e90264f33305004495a9","hash":"3782c6cc09ad079d85d9168846de47a41b1075ee"}
,"/home/ukefat/ubu-coding/ucalgary/seng401/SENG401ChatApp/backend/controllers/user-controller.js": {"path":"/home/ukefat/ubu-coding/ucalgary/seng401/SENG401ChatApp/backend/controllers/user-controller.js","statementMap":{"0":{"start":{"line":1,"column":13},"end":{"line":1,"column":38}},"1":{"start":{"line":2,"column":12},"end":{"line":2,"column":35}},"2":{"start":{"line":4,"column":20},"end":{"line":6,"column":1}},"3":{"start":{"line":5,"column":2},"end":{"line":5,"column":68}},"4":{"start":{"line":19,"column":20},"end":{"line":26,"column":1}},"5":{"start":{"line":20,"column":2},"end":{"line":25,"column":3}},"6":{"start":{"line":21,"column":18},"end":{"line":21,"column":52}},"7":{"start":{"line":22,"column":4},"end":{"line":22,"column":20}},"8":{"start":{"line":24,"column":4},"end":{"line":24,"column":61}},"9":{"start":{"line":28,"column":19},"end":{"line":50,"column":1}},"10":{"start":{"line":29,"column":40},"end":{"line":29,"column":48}},"11":{"start":{"line":30,"column":2},"end":{"line":32,"column":3}},"12":{"start":{"line":31,"column":4},"end":{"line":31,"column":62}},"13":{"start":{"line":35,"column":2},"end":{"line":44,"column":3}},"14":{"start":{"line":36,"column":4},"end":{"line":40,"column":7}},"15":{"start":{"line":41,"column":4},"end":{"line":41,"column":29}},"16":{"start":{"line":43,"column":4},"end":{"line":43,"column":21}},"17":{"start":{"line":45,"column":2},"end":{"line":47,"column":3}},"18":{"start":{"line":46,"column":4},"end":{"line":46,"column":65}},"19":{"start":{"line":49,"column":2},"end":{"line":49,"column":40}},"20":{"start":{"line":52,"column":19},"end":{"line":73,"column":1}},"21":{"start":{"line":53,"column":13},"end":{"line":53,"column":26}},"22":{"start":{"line":54,"column":40},"end":{"line":54,"column":48}},"23":{"start":{"line":58,"column":2},"end":{"line":66,"column":3}},"24":{"start":{"line":59,"column":4},"end":{"line":63,"column":7}},"25":{"start":{"line":65,"column":4},"end":{"line":65,"column":21}},"26":{"start":{"line":68,"column":2},"end":{"line":70,"column":3}},"27":{"start":{"line":69,"column":4},"end":{"line":69,"column":63}},"28":{"start":{"line":72,"column":2},"end":{"line":72,"column":40}},"29":{"start":{"line":75,"column":19},"end":{"line":89,"column":1}},"30":{"start":{"line":76,"column":13},"end":{"line":76,"column":26}},"31":{"start":{"line":78,"column":2},"end":{"line":82,"column":3}},"32":{"start":{"line":79,"column":4},"end":{"line":79,"column":44}},"33":{"start":{"line":81,"column":4},"end":{"line":81,"column":21}},"34":{"start":{"line":84,"column":2},"end":{"line":86,"column":3}},"35":{"start":{"line":85,"column":4},"end":{"line":85,"column":63}},"36":{"start":{"line":88,"column":2},"end":{"line":88,"column":59}},"37":{"start":{"line":91,"column":20},"end":{"line":105,"column":1}},"38":{"start":{"line":92,"column":13},"end":{"line":92,"column":26}},"39":{"start":{"line":94,"column":2},"end":{"line":98,"column":3}},"40":{"start":{"line":95,"column":4},"end":{"line":95,"column":35}},"41":{"start":{"line":97,"column":4},"end":{"line":97,"column":21}},"42":{"start":{"line":100,"column":2},"end":{"line":102,"column":3}},"43":{"start":{"line":101,"column":4},"end":{"line":101,"column":63}},"44":{"start":{"line":104,"column":2},"end":{"line":104,"column":40}},"45":{"start":{"line":107,"column":19},"end":{"line":117,"column":1}},"46":{"start":{"line":108,"column":40},"end":{"line":108,"column":48}},"47":{"start":{"line":109,"column":2},"end":{"line":116,"column":3}},"48":{"start":{"line":110,"column":17},"end":{"line":110,"column":61}},"49":{"start":{"line":112,"column":18},"end":{"line":112,"column":39}},"50":{"start":{"line":113,"column":4},"end":{"line":113,"column":42}},"51":{"start":{"line":115,"column":4},"end":{"line":115,"column":51}},"52":{"start":{"line":119,"column":18},"end":{"line":130,"column":1}},"53":{"start":{"line":120,"column":33},"end":{"line":120,"column":41}},"54":{"start":{"line":122,"column":2},"end":{"line":129,"column":3}},"55":{"start":{"line":123,"column":17},"end":{"line":123,"column":53}},"56":{"start":{"line":124,"column":18},"end":{"line":124,"column":39}},"57":{"start":{"line":126,"column":4},"end":{"line":126,"column":60}},"58":{"start":{"line":128,"column":4},"end":{"line":128,"column":51}},"59":{"start":{"line":146,"column":2},"end":{"line":166,"column":3}},"60":{"start":{"line":147,"column":17},"end":{"line":156,"column":10}},"61":{"start":{"line":159,"column":4},"end":{"line":161,"column":5}},"62":{"start":{"line":160,"column":6},"end":{"line":160,"column":40}},"63":{"start":{"line":162,"column":4},"end":{"line":162,"column":23}},"64":{"start":{"line":165,"column":4},"end":{"line":165,"column":16}},"65":{"start":{"line":169,"column":22},"end":{"line":182,"column":1}},"66":{"start":{"line":170,"column":2},"end":{"line":181,"column":3}},"67":{"start":{"line":171,"column":19},"end":{"line":171,"column":36}},"68":{"start":{"line":172,"column":19},"end":{"line":172,"column":39}},"69":{"start":{"line":173,"column":4},"end":{"line":177,"column":5}},"70":{"start":{"line":174,"column":6},"end":{"line":176,"column":70}},"71":{"start":{"line":178,"column":4},"end":{"line":178,"column":21}},"72":{"start":{"line":180,"column":4},"end":{"line":180,"column":61}},"73":{"start":{"line":196,"column":0},"end":{"line":196,"column":34}},"74":{"start":{"line":197,"column":0},"end":{"line":197,"column":32}},"75":{"start":{"line":198,"column":0},"end":{"line":198,"column":32}},"76":{"start":{"line":199,"column":0},"end":{"line":199,"column":32}},"77":{"start":{"line":200,"column":0},"end":{"line":200,"column":34}},"78":{"start":{"line":201,"column":0},"end":{"line":201,"column":32}},"79":{"start":{"line":202,"column":0},"end":{"line":202,"column":30}},"80":{"start":{"line":203,"column":0},"end":{"line":203,"column":38}}},"fnMap":{"0":{"name":"(anonymous_0)","decl":{"start":{"line":4,"column":20},"end":{"line":4,"column":21}},"loc":{"start":{"line":4,"column":29},"end":{"line":6,"column":1}},"line":4},"1":{"name":"(anonymous_1)","decl":{"start":{"line":19,"column":20},"end":{"line":19,"column":21}},"loc":{"start":{"line":19,"column":40},"end":{"line":26,"column":1}},"line":19},"2":{"name":"(anonymous_2)","decl":{"start":{"line":28,"column":19},"end":{"line":28,"column":20}},"loc":{"start":{"line":28,"column":45},"end":{"line":50,"column":1}},"line":28},"3":{"name":"(anonymous_3)","decl":{"start":{"line":52,"column":19},"end":{"line":52,"column":20}},"loc":{"start":{"line":52,"column":45},"end":{"line":73,"column":1}},"line":52},"4":{"name":"(anonymous_4)","decl":{"start":{"line":75,"column":19},"end":{"line":75,"column":20}},"loc":{"start":{"line":75,"column":45},"end":{"line":89,"column":1}},"line":75},"5":{"name":"(anonymous_5)","decl":{"start":{"line":91,"column":20},"end":{"line":91,"column":21}},"loc":{"start":{"line":91,"column":46},"end":{"line":105,"column":1}},"line":91},"6":{"name":"(anonymous_6)","decl":{"start":{"line":107,"column":19},"end":{"line":107,"column":20}},"loc":{"start":{"line":107,"column":39},"end":{"line":117,"column":1}},"line":107},"7":{"name":"(anonymous_7)","decl":{"start":{"line":119,"column":18},"end":{"line":119,"column":19}},"loc":{"start":{"line":119,"column":38},"end":{"line":130,"column":1}},"line":119},"8":{"name":"getgrp","decl":{"start":{"line":145,"column":15},"end":{"line":145,"column":21}},"loc":{"start":{"line":145,"column":30},"end":{"line":167,"column":1}},"line":145},"9":{"name":"(anonymous_9)","decl":{"start":{"line":169,"column":22},"end":{"line":169,"column":23}},"loc":{"start":{"line":169,"column":42},"end":{"line":182,"column":1}},"line":169}},"branchMap":{"0":{"loc":{"start":{"line":30,"column":2},"end":{"line":32,"column":3}},"type":"if","locations":[{"start":{"line":30,"column":2},"end":{"line":32,"column":3}},{"start":{},"end":{}}],"line":30},"1":{"loc":{"start":{"line":30,"column":6},"end":{"line":30,"column":38}},"type":"binary-expr","locations":[{"start":{"line":30,"column":6},"end":{"line":30,"column":15}},{"start":{"line":30,"column":19},"end":{"line":30,"column":25}},{"start":{"line":30,"column":29},"end":{"line":30,"column":38}}],"line":30},"2":{"loc":{"start":{"line":45,"column":2},"end":{"line":47,"column":3}},"type":"if","locations":[{"start":{"line":45,"column":2},"end":{"line":47,"column":3}},{"start":{},"end":{}}],"line":45},"3":{"loc":{"start":{"line":68,"column":2},"end":{"line":70,"column":3}},"type":"if","locations":[{"start":{"line":68,"column":2},"end":{"line":70,"column":3}},{"start":{},"end":{}}],"line":68},"4":{"loc":{"start":{"line":84,"column":2},"end":{"line":86,"column":3}},"type":"if","locations":[{"start":{"line":84,"column":2},"end":{"line":86,"column":3}},{"start":{},"end":{}}],"line":84},"5":{"loc":{"start":{"line":100,"column":2},"end":{"line":102,"column":3}},"type":"if","locations":[{"start":{"line":100,"column":2},"end":{"line":102,"column":3}},{"start":{},"end":{}}],"line":100},"6":{"loc":{"start":{"line":159,"column":4},"end":{"line":161,"column":5}},"type":"if","locations":[{"start":{"line":159,"column":4},"end":{"line":161,"column":5}},{"start":{},"end":{}}],"line":159},"7":{"loc":{"start":{"line":173,"column":4},"end":{"line":177,"column":5}},"type":"if","locations":[{"start":{"line":173,"column":4},"end":{"line":177,"column":5}},{"start":{},"end":{}}],"line":173}},"s":{"0":1,"1":1,"2":1,"3":2,"4":1,"5":2,"6":2,"7":1,"8":1,"9":1,"10":2,"11":2,"12":2,"13":0,"14":0,"15":0,"16":0,"17":0,"18":0,"19":0,"20":1,"21":3,"22":3,"23":3,"24":3,"25":1,"26":2,"27":1,"28":1,"29":1,"30":3,"31":3,"32":3,"33":1,"34":2,"35":1,"36":1,"37":1,"38":3,"39":3,"40":3,"41":1,"42":2,"43":1,"44":1,"45":1,"46":1,"47":1,"48":1,"49":1,"50":0,"51":1,"52":1,"53":1,"54":1,"55":1,"56":1,"57":0,"58":1,"59":1,"60":1,"61":0,"62":0,"63":0,"64":1,"65":1,"66":1,"67":1,"68":1,"69":1,"70":1,"71":0,"72":0,"73":1,"74":1,"75":1,"76":1,"77":1,"78":1,"79":1,"80":1},"f":{"0":2,"1":2,"2":2,"3":3,"4":3,"5":3,"6":1,"7":1,"8":1,"9":1},"b":{"0":[2,0],"1":[2,2,2],"2":[0,0],"3":[1,1],"4":[1,1],"5":[1,1],"6":[0,0],"7":[1,0]},"_coverageSchema":"1a1c01bbd47fc00a2c39e90264f33305004495a9","hash":"c40202056e0b1b28dcd79646aea56adda99433fd"}
,"/home/ukefat/ubu-coding/ucalgary/seng401/SENG401ChatApp/backend/models/Group.js": {"path":"/home/ukefat/ubu-coding/ucalgary/seng401/SENG401ChatApp/backend/models/Group.js","statementMap":{"0":{"start":{"line":1,"column":17},"end":{"line":1,"column":36}},"1":{"start":{"line":2,"column":15},"end":{"line":2,"column":30}},"2":{"start":{"line":3,"column":17},"end":{"line":3,"column":37}},"3":{"start":{"line":6,"column":22},"end":{"line":18,"column":1}},"4":{"start":{"line":21,"column":20},"end":{"line":38,"column":1}},"5":{"start":{"line":40,"column":0},"end":{"line":40,"column":54}}},"fnMap":{},"branchMap":{},"s":{"0":2,"1":2,"2":2,"3":2,"4":2,"5":2},"f":{},"b":{},"_coverageSchema":"1a1c01bbd47fc00a2c39e90264f33305004495a9","hash":"571729e933f231a571d7406673881328951ffd95"}
,"/home/ukefat/ubu-coding/ucalgary/seng401/SENG401ChatApp/backend/models/Message.js": {"path":"/home/ukefat/ubu-coding/ucalgary/seng401/SENG401ChatApp/backend/models/Message.js","statementMap":{"0":{"start":{"line":1,"column":17},"end":{"line":1,"column":36}},"1":{"start":{"line":3,"column":15},"end":{"line":3,"column":30}},"2":{"start":{"line":5,"column":22},"end":{"line":14,"column":22}},"3":{"start":{"line":16,"column":0},"end":{"line":16,"column":57}}},"fnMap":{},"branchMap":{},"s":{"0":2,"1":2,"2":2,"3":2},"f":{},"b":{},"_coverageSchema":"1a1c01bbd47fc00a2c39e90264f33305004495a9","hash":"c7382d7dfa1286bf41144feaf7de4518adbf315b"}
,"/home/ukefat/ubu-coding/ucalgary/seng401/SENG401ChatApp/backend/models/User.js": {"path":"/home/ukefat/ubu-coding/ucalgary/seng401/SENG401ChatApp/backend/models/User.js","statementMap":{"0":{"start":{"line":1,"column":17},"end":{"line":1,"column":36}},"1":{"start":{"line":2,"column":15},"end":{"line":2,"column":30}},"2":{"start":{"line":3,"column":15},"end":{"line":3,"column":32}},"3":{"start":{"line":4,"column":18},"end":{"line":4,"column":38}},"4":{"start":{"line":6,"column":19},"end":{"line":16,"column":2}},"5":{"start":{"line":22,"column":0},"end":{"line":54,"column":2}},"6":{"start":{"line":23,"column":17},"end":{"line":23,"column":46}},"7":{"start":{"line":25,"column":2},"end":{"line":27,"column":3}},"8":{"start":{"line":26,"column":4},"end":{"line":26,"column":46}},"9":{"start":{"line":29,"column":2},"end":{"line":31,"column":3}},"10":{"start":{"line":30,"column":4},"end":{"line":30,"column":50}},"11":{"start":{"line":33,"column":2},"end":{"line":35,"column":3}},"12":{"start":{"line":34,"column":4},"end":{"line":34,"column":54}},"13":{"start":{"line":37,"column":2},"end":{"line":41,"column":3}},"14":{"start":{"line":38,"column":18},"end":{"line":38,"column":51}},"15":{"start":{"line":39,"column":4},"end":{"line":39,"column":27}},"16":{"start":{"line":40,"column":4},"end":{"line":40,"column":16}},"17":{"start":{"line":44,"column":15},"end":{"line":44,"column":39}},"18":{"start":{"line":45,"column":25},"end":{"line":45,"column":58}},"19":{"start":{"line":47,"column":15},"end":{"line":51,"column":4}},"20":{"start":{"line":53,"column":2},"end":{"line":53,"column":14}},"21":{"start":{"line":56,"column":0},"end":{"line":75,"column":2}},"22":{"start":{"line":58,"column":2},"end":{"line":60,"column":3}},"23":{"start":{"line":59,"column":4},"end":{"line":59,"column":46}},"24":{"start":{"line":62,"column":15},"end":{"line":62,"column":47}},"25":{"start":{"line":64,"column":2},"end":{"line":66,"column":3}},"26":{"start":{"line":65,"column":4},"end":{"line":65,"column":38}},"27":{"start":{"line":68,"column":16},"end":{"line":68,"column":61}},"28":{"start":{"line":70,"column":2},"end":{"line":72,"column":3}},"29":{"start":{"line":71,"column":4},"end":{"line":71,"column":42}},"30":{"start":{"line":74,"column":2},"end":{"line":74,"column":14}},"31":{"start":{"line":77,"column":0},"end":{"line":77,"column":52}}},"fnMap":{"0":{"name":"(anonymous_0)","decl":{"start":{"line":22,"column":28},"end":{"line":22,"column":29}},"loc":{"start":{"line":22,"column":71},"end":{"line":54,"column":1}},"line":22},"1":{"name":"(anonymous_1)","decl":{"start":{"line":56,"column":27},"end":{"line":56,"column":28}},"loc":{"start":{"line":56,"column":63},"end":{"line":75,"column":1}},"line":56}},"branchMap":{"0":{"loc":{"start":{"line":25,"column":2},"end":{"line":27,"column":3}},"type":"if","locations":[{"start":{"line":25,"column":2},"end":{"line":27,"column":3}},{"start":{},"end":{}}],"line":25},"1":{"loc":{"start":{"line":25,"column":6},"end":{"line":25,"column":38}},"type":"binary-expr","locations":[{"start":{"line":25,"column":6},"end":{"line":25,"column":12}},{"start":{"line":25,"column":16},"end":{"line":25,"column":25}},{"start":{"line":25,"column":29},"end":{"line":25,"column":38}}],"line":25},"2":{"loc":{"start":{"line":29,"column":2},"end":{"line":31,"column":3}},"type":"if","locations":[{"start":{"line":29,"column":2},"end":{"line":31,"column":3}},{"start":{},"end":{}}],"line":29},"3":{"loc":{"start":{"line":33,"column":2},"end":{"line":35,"column":3}},"type":"if","locations":[{"start":{"line":33,"column":2},"end":{"line":35,"column":3}},{"start":{},"end":{}}],"line":33},"4":{"loc":{"start":{"line":37,"column":2},"end":{"line":41,"column":3}},"type":"if","locations":[{"start":{"line":37,"column":2},"end":{"line":41,"column":3}},{"start":{},"end":{}}],"line":37},"5":{"loc":{"start":{"line":58,"column":2},"end":{"line":60,"column":3}},"type":"if","locations":[{"start":{"line":58,"column":2},"end":{"line":60,"column":3}},{"start":{},"end":{}}],"line":58},"6":{"loc":{"start":{"line":58,"column":6},"end":{"line":58,"column":28}},"type":"binary-expr","locations":[{"start":{"line":58,"column":6},"end":{"line":58,"column":15}},{"start":{"line":58,"column":19},"end":{"line":58,"column":28}}],"line":58},"7":{"loc":{"start":{"line":64,"column":2},"end":{"line":66,"column":3}},"type":"if","locations":[{"start":{"line":64,"column":2},"end":{"line":66,"column":3}},{"start":{},"end":{}}],"line":64},"8":{"loc":{"start":{"line":70,"column":2},"end":{"line":72,"column":3}},"type":"if","locations":[{"start":{"line":70,"column":2},"end":{"line":72,"column":3}},{"start":{},"end":{}}],"line":70}},"s":{"0":3,"1":3,"2":3,"3":3,"4":3,"5":3,"6":5,"7":5,"8":1,"9":4,"10":1,"11":3,"12":1,"13":2,"14":1,"15":1,"16":1,"17":1,"18":1,"19":1,"20":1,"21":3,"22":4,"23":2,"24":2,"25":2,"26":1,"27":1,"28":1,"29":1,"30":0,"31":3},"f":{"0":5,"1":4},"b":{"0":[1,4],"1":[5,5,5],"2":[1,3],"3":[1,2],"4":[1,1],"5":[2,2],"6":[4,3],"7":[1,1],"8":[1,0]},"_coverageSchema":"1a1c01bbd47fc00a2c39e90264f33305004495a9","hash":"9b18176fb1e958b123310c1a99303f9ed8f85053"}
}
