TN:
SF:backend/controllers/user-controller.js
FN:4,(anonymous_0)
FN:19,(anonymous_1)
FN:29,(anonymous_2)
FN:55,(anonymous_3)
FN:78,(anonymous_4)
FN:94,(anonymous_5)
FN:110,(anonymous_6)
FN:124,(anonymous_7)
FN:150,getgrp
FN:174,(anonymous_9)
FNF:10
FNH:1
FNDA:0,(anonymous_0)
FNDA:1,(anonymous_1)
FNDA:0,(anonymous_2)
FNDA:0,(anonymous_3)
FNDA:0,(anonymous_4)
FNDA:0,(anonymous_5)
FNDA:0,(anonymous_6)
FNDA:0,(anonymous_7)
FNDA:0,getgrp
FNDA:0,(anonymous_9)
DA:1,1
DA:2,1
DA:4,1
DA:5,0
DA:19,1
DA:20,1
DA:21,1
DA:22,1
DA:23,0
DA:25,0
DA:29,1
DA:30,0
DA:31,0
DA:32,0
DA:36,0
DA:37,0
DA:43,0
DA:45,0
DA:48,0
DA:49,0
DA:52,0
DA:55,1
DA:56,0
DA:57,0
DA:61,0
DA:62,0
DA:68,0
DA:71,0
DA:72,0
DA:75,0
DA:78,1
DA:79,0
DA:81,0
DA:82,0
DA:84,0
DA:87,0
DA:88,0
DA:91,0
DA:94,1
DA:95,0
DA:97,0
DA:98,0
DA:100,0
DA:103,0
DA:104,0
DA:107,0
DA:110,1
DA:111,0
DA:113,0
DA:114,0
DA:117,0
DA:118,0
DA:120,0
DA:124,1
DA:125,0
DA:127,0
DA:128,0
DA:129,0
DA:131,0
DA:133,0
DA:151,0
DA:152,0
DA:164,0
DA:165,0
DA:167,0
DA:169,0
DA:170,0
DA:174,1
DA:175,0
DA:176,0
DA:177,0
DA:178,0
DA:179,0
DA:183,0
DA:184,0
DA:186,0
DA:202,1
DA:203,1
DA:204,1
DA:205,1
DA:206,1
DA:207,1
DA:208,1
DA:209,1
LF:84
LH:22
BRDA:31,0,0,0
BRDA:31,0,1,0
BRDA:31,1,0,0
BRDA:31,1,1,0
BRDA:31,1,2,0
BRDA:48,2,0,0
BRDA:48,2,1,0
BRDA:71,3,0,0
BRDA:71,3,1,0
BRDA:87,4,0,0
BRDA:87,4,1,0
BRDA:103,5,0,0
BRDA:103,5,1,0
BRDA:164,6,0,0
BRDA:164,6,1,0
BRDA:178,7,0,0
BRDA:178,7,1,0
BRF:17
BRH:0
end_of_record
TN:
SF:backend/models/User.js
FN:22,(anonymous_0)
FN:57,(anonymous_1)
FNF:2
FNH:0
FNDA:0,(anonymous_0)
FNDA:0,(anonymous_1)
DA:1,1
DA:2,1
DA:3,1
DA:4,1
DA:6,1
DA:22,1
DA:23,0
DA:26,0
DA:27,0
DA:30,0
DA:31,0
DA:34,0
DA:35,0
DA:38,0
DA:39,0
DA:40,0
DA:41,0
DA:45,0
DA:46,0
DA:48,0
DA:54,0
DA:57,1
DA:59,0
DA:60,0
DA:63,0
DA:65,0
DA:66,0
DA:69,0
DA:71,0
DA:72,0
DA:75,0
DA:78,1
LF:32
LH:8
BRDA:26,0,0,0
BRDA:26,0,1,0
BRDA:26,1,0,0
BRDA:26,1,1,0
BRDA:26,1,2,0
BRDA:30,2,0,0
BRDA:30,2,1,0
BRDA:34,3,0,0
BRDA:34,3,1,0
BRDA:38,4,0,0
BRDA:38,4,1,0
BRDA:59,5,0,0
BRDA:59,5,1,0
BRDA:59,6,0,0
BRDA:59,6,1,0
BRDA:65,7,0,0
BRDA:65,7,1,0
BRDA:71,8,0,0
BRDA:71,8,1,0
BRF:19
BRH:0
end_of_record
