TN:
SF:backend/controllers/groupController.js
FN:6,(anonymous_0)
FN:13,(anonymous_1)
FN:29,(anonymous_2)
FN:41,(anonymous_3)
FN:57,(anonymous_4)
FN:102,(anonymous_5)
FN:133,(anonymous_6)
FN:170,(anonymous_7)
FN:202,(anonymous_8)
FN:218,(anonymous_9)
FNF:10
FNH:6
FNDA:0,(anonymous_0)
FNDA:3,(anonymous_1)
FNDA:2,(anonymous_2)
FNDA:3,(anonymous_3)
FNDA:0,(anonymous_4)
FNDA:5,(anonymous_5)
FNDA:5,(anonymous_6)
FNDA:3,(anonymous_7)
FNDA:0,(anonymous_8)
FNDA:0,(anonymous_9)
DA:1,1
DA:2,1
DA:3,1
DA:6,1
DA:7,0
DA:9,0
DA:13,1
DA:14,3
DA:15,3
DA:16,1
DA:19,2
DA:21,2
DA:22,1
DA:25,1
DA:29,1
DA:30,2
DA:32,2
DA:33,2
DA:34,1
DA:35,1
DA:37,1
DA:41,1
DA:42,3
DA:43,3
DA:44,1
DA:47,2
DA:49,2
DA:50,1
DA:53,1
DA:57,1
DA:58,0
DA:59,0
DA:60,0
DA:63,0
DA:70,0
DA:71,0
DA:74,0
DA:102,1
DA:103,5
DA:104,5
DA:106,5
DA:107,1
DA:109,4
DA:110,1
DA:113,3
DA:115,3
DA:121,2
DA:127,1
DA:129,2
DA:133,1
DA:134,5
DA:135,5
DA:136,5
DA:137,5
DA:139,5
DA:140,1
DA:143,4
DA:145,4
DA:147,4
DA:148,1
DA:152,3
DA:158,2
DA:164,1
DA:166,2
DA:170,1
DA:171,3
DA:173,3
DA:175,3
DA:178,3
DA:179,1
DA:183,2
DA:186,1
DA:191,1
DA:193,1
DA:202,1
DA:203,0
DA:205,0
DA:206,0
DA:207,0
DA:210,0
DA:214,0
DA:215,0
DA:218,1
DA:219,0
DA:221,0
DA:224,0
DA:227,0
DA:230,0
DA:233,0
DA:235,0
DA:237,0
DA:241,1
LF:92
LH:68
BRDA:15,0,0,1
BRDA:15,0,1,2
BRDA:21,1,0,1
BRDA:21,1,1,1
BRDA:43,2,0,1
BRDA:43,2,1,2
BRDA:49,3,0,1
BRDA:49,3,1,1
BRDA:59,4,0,0
BRDA:59,4,1,0
BRDA:70,5,0,0
BRDA:70,5,1,0
BRDA:106,6,0,1
BRDA:106,6,1,4
BRDA:109,7,0,1
BRDA:109,7,1,3
BRDA:139,8,0,1
BRDA:139,8,1,4
BRDA:147,9,0,1
BRDA:147,9,1,3
BRDA:178,10,0,1
BRDA:178,10,1,2
BRDA:206,11,0,0
BRDA:206,11,1,0
BRF:24
BRH:18
end_of_record
TN:
SF:backend/controllers/messageController.js
FN:6,(anonymous_0)
FN:19,(anonymous_1)
FN:34,(anonymous_2)
FN:53,(anonymous_3)
FN:69,(anonymous_4)
FNF:5
FNH:5
FNDA:1,(anonymous_0)
FNDA:2,(anonymous_1)
FNDA:1,(anonymous_2)
FNDA:3,(anonymous_3)
FNDA:2,(anonymous_4)
DA:1,1
DA:2,1
DA:3,1
DA:6,1
DA:7,1
DA:8,1
DA:9,1
DA:11,0
DA:14,0
DA:19,1
DA:20,2
DA:21,2
DA:22,1
DA:25,1
DA:27,1
DA:28,0
DA:31,1
DA:34,1
DA:35,1
DA:36,1
DA:37,1
DA:38,1
DA:40,0
DA:41,0
DA:42,0
DA:43,0
DA:45,0
DA:46,0
DA:48,0
DA:53,1
DA:54,3
DA:55,3
DA:56,1
DA:59,2
DA:61,2
DA:62,1
DA:65,1
DA:69,1
DA:70,2
DA:71,2
DA:72,1
DA:75,1
DA:79,1
DA:80,1
DA:83,0
DA:86,1
LF:46
LH:35
BRDA:8,0,0,1
BRDA:8,0,1,0
BRDA:21,1,0,1
BRDA:21,1,1,1
BRDA:27,2,0,0
BRDA:27,2,1,1
BRDA:37,3,0,1
BRDA:37,3,1,0
BRDA:55,4,0,1
BRDA:55,4,1,2
BRDA:61,5,0,1
BRDA:61,5,1,1
BRDA:71,6,0,1
BRDA:71,6,1,1
BRDA:79,7,0,1
BRDA:79,7,1,0
BRF:16
BRH:12
end_of_record
TN:
SF:backend/controllers/user-controller.js
FN:4,(anonymous_0)
FN:19,(anonymous_1)
FN:28,(anonymous_2)
FN:52,(anonymous_3)
FN:75,(anonymous_4)
FN:91,(anonymous_5)
FN:107,(anonymous_6)
FN:119,(anonymous_7)
FN:145,getgrp
FN:169,(anonymous_9)
FNF:10
FNH:10
FNDA:2,(anonymous_0)
FNDA:2,(anonymous_1)
FNDA:2,(anonymous_2)
FNDA:3,(anonymous_3)
FNDA:3,(anonymous_4)
FNDA:3,(anonymous_5)
FNDA:1,(anonymous_6)
FNDA:1,(anonymous_7)
FNDA:1,getgrp
FNDA:1,(anonymous_9)
DA:1,1
DA:2,1
DA:4,1
DA:5,2
DA:19,1
DA:20,2
DA:21,2
DA:22,1
DA:24,1
DA:28,1
DA:29,2
DA:30,2
DA:31,2
DA:35,0
DA:36,0
DA:41,0
DA:43,0
DA:45,0
DA:46,0
DA:49,0
DA:52,1
DA:53,3
DA:54,3
DA:58,3
DA:59,3
DA:65,1
DA:68,2
DA:69,1
DA:72,1
DA:75,1
DA:76,3
DA:78,3
DA:79,3
DA:81,1
DA:84,2
DA:85,1
DA:88,1
DA:91,1
DA:92,3
DA:94,3
DA:95,3
DA:97,1
DA:100,2
DA:101,1
DA:104,1
DA:107,1
DA:108,1
DA:109,1
DA:110,1
DA:112,1
DA:113,0
DA:115,1
DA:119,1
DA:120,1
DA:122,1
DA:123,1
DA:124,1
DA:126,0
DA:128,1
DA:146,1
DA:147,1
DA:159,0
DA:160,0
DA:162,0
DA:165,1
DA:169,1
DA:170,1
DA:171,1
DA:172,1
DA:173,1
DA:174,1
DA:178,0
DA:180,0
DA:196,1
DA:197,1
DA:198,1
DA:199,1
DA:200,1
DA:201,1
DA:202,1
DA:203,1
LF:81
LH:67
BRDA:30,0,0,2
BRDA:30,0,1,0
BRDA:30,1,0,2
BRDA:30,1,1,2
BRDA:30,1,2,2
BRDA:45,2,0,0
BRDA:45,2,1,0
BRDA:68,3,0,1
BRDA:68,3,1,1
BRDA:84,4,0,1
BRDA:84,4,1,1
BRDA:100,5,0,1
BRDA:100,5,1,1
BRDA:159,6,0,0
BRDA:159,6,1,0
BRDA:173,7,0,1
BRDA:173,7,1,0
BRF:17
BRH:11
end_of_record
TN:
SF:backend/models/Group.js
FNF:0
FNH:0
DA:1,2
DA:2,2
DA:3,2
DA:6,2
DA:21,2
DA:40,2
LF:6
LH:6
BRF:0
BRH:0
end_of_record
TN:
SF:backend/models/Message.js
FNF:0
FNH:0
DA:1,2
DA:3,2
DA:5,2
DA:16,2
LF:4
LH:4
BRF:0
BRH:0
end_of_record
TN:
SF:backend/models/User.js
FN:22,(anonymous_0)
FN:56,(anonymous_1)
FNF:2
FNH:2
FNDA:5,(anonymous_0)
FNDA:4,(anonymous_1)
DA:1,3
DA:2,3
DA:3,3
DA:4,3
DA:6,3
DA:22,3
DA:23,5
DA:25,5
DA:26,1
DA:29,4
DA:30,1
DA:33,3
DA:34,1
DA:37,2
DA:38,1
DA:39,1
DA:40,1
DA:44,1
DA:45,1
DA:47,1
DA:53,1
DA:56,3
DA:58,4
DA:59,2
DA:62,2
DA:64,2
DA:65,1
DA:68,1
DA:70,1
DA:71,1
DA:74,0
DA:77,3
LF:32
LH:31
BRDA:25,0,0,1
BRDA:25,0,1,4
BRDA:25,1,0,5
BRDA:25,1,1,5
BRDA:25,1,2,5
BRDA:29,2,0,1
BRDA:29,2,1,3
BRDA:33,3,0,1
BRDA:33,3,1,2
BRDA:37,4,0,1
BRDA:37,4,1,1
BRDA:58,5,0,2
BRDA:58,5,1,2
BRDA:58,6,0,4
BRDA:58,6,1,3
BRDA:64,7,0,1
BRDA:64,7,1,1
BRDA:70,8,0,1
BRDA:70,8,1,0
BRF:19
BRH:18
end_of_record
